1774227068.549303 client started (16505): version 3.6a, socket /private/tmp/tmux-501/default, protocol 8
1774227068.549324 on Darwin 25.3.0 Darwin Kernel Version 25.3.0: Wed Jan 28 20:54:38 PST 2026; root:xnu-12377.91.3~2/RELEASE_ARM64_T6050
1774227068.549327 using libevent 2.1.12-stable select
1774227068.549542 using utf8proc 2.11.3
1774227068.549549 using ncurses 6.5 20240427
1774227068.549558 flags are 0x18010000
1774227068.549562 socket is /private/tmp/tmux-501/default
1774227068.549567 trying connect
1774227068.549587 add peer 0x1029a5ac0: 6 (0x0)
1774227068.550315 sending message 111 to peer 0x1029a5ac0 (8 bytes)
1774227068.550320 sending message 111 to peer 0x1029a5ac0 (8 bytes)
1774227068.550323 sending message 101 to peer 0x1029a5ac0 (14 bytes)
1774227068.550326 sending message 109 to peer 0x1029a5ac0 (4 bytes)
1774227068.550329 sending message 102 to peer 0x1029a5ac0 (13 bytes)
1774227068.550331 sending message 108 to peer 0x1029a5ac0 (26 bytes)
1774227068.550334 sending message 112 to peer 0x1029a5ac0 (70 bytes)
1774227068.550336 sending message 112 to peer 0x1029a5ac0 (5 bytes)
1774227068.550340 sending message 112 to peer 0x1029a5ac0 (5 bytes)
1774227068.550343 sending message 112 to peer 0x1029a5ac0 (6 bytes)
1774227068.550345 sending message 112 to peer 0x1029a5ac0 (6 bytes)
1774227068.550347 sending message 112 to peer 0x1029a5ac0 (11 bytes)
1774227068.550349 sending message 112 to peer 0x1029a5ac0 (10 bytes)
1774227068.550350 sending message 112 to peer 0x1029a5ac0 (13 bytes)
1774227068.550352 sending message 112 to peer 0x1029a5ac0 (14 bytes)
1774227068.550355 sending message 112 to peer 0x1029a5ac0 (9 bytes)
1774227068.550357 sending message 112 to peer 0x1029a5ac0 (21 bytes)
1774227068.550359 sending message 112 to peer 0x1029a5ac0 (19 bytes)
1774227068.550361 sending message 112 to peer 0x1029a5ac0 (11 bytes)
1774227068.550362 sending message 112 to peer 0x1029a5ac0 (21 bytes)
1774227068.550364 sending message 112 to peer 0x1029a5ac0 (13 bytes)
1774227068.550366 sending message 112 to peer 0x1029a5ac0 (7 bytes)
1774227068.550368 sending message 112 to peer 0x1029a5ac0 (13 bytes)
1774227068.550370 sending message 112 to peer 0x1029a5ac0 (7 bytes)
1774227068.550371 sending message 112 to peer 0x1029a5ac0 (13 bytes)
1774227068.550373 sending message 112 to peer 0x1029a5ac0 (9 bytes)
1774227068.550374 sending message 112 to peer 0x1029a5ac0 (21 bytes)
1774227068.550376 sending message 112 to peer 0x1029a5ac0 (13 bytes)
1774227068.550378 sending message 112 to peer 0x1029a5ac0 (9 bytes)
1774227068.550379 sending message 112 to peer 0x1029a5ac0 (16 bytes)
1774227068.550381 sending message 112 to peer 0x1029a5ac0 (13 bytes)
1774227068.550383 sending message 112 to peer 0x1029a5ac0 (9 bytes)
1774227068.550385 sending message 112 to peer 0x1029a5ac0 (9 bytes)
1774227068.550387 sending message 112 to peer 0x1029a5ac0 (12 bytes)
1774227068.550389 sending message 112 to peer 0x1029a5ac0 (8 bytes)
1774227068.550391 sending message 112 to peer 0x1029a5ac0 (12 bytes)
1774227068.550393 sending message 112 to peer 0x1029a5ac0 (8 bytes)
1774227068.550395 sending message 112 to peer 0x1029a5ac0 (13 bytes)
1774227068.550397 sending message 112 to peer 0x1029a5ac0 (7 bytes)
1774227068.550398 sending message 112 to peer 0x1029a5ac0 (7 bytes)
1774227068.550400 sending message 112 to peer 0x1029a5ac0 (9 bytes)
1774227068.550402 sending message 112 to peer 0x1029a5ac0 (12 bytes)
1774227068.550403 sending message 112 to peer 0x1029a5ac0 (6 bytes)
1774227068.550405 sending message 112 to peer 0x1029a5ac0 (9 bytes)
1774227068.550406 sending message 112 to peer 0x1029a5ac0 (15 bytes)
1774227068.550408 sending message 112 to peer 0x1029a5ac0 (13 bytes)
1774227068.550410 sending message 112 to peer 0x1029a5ac0 (9 bytes)
1774227068.550411 sending message 112 to peer 0x1029a5ac0 (12 bytes)
1774227068.550413 sending message 112 to peer 0x1029a5ac0 (8 bytes)
1774227068.550415 sending message 112 to peer 0x1029a5ac0 (14 bytes)
1774227068.550416 sending message 112 to peer 0x1029a5ac0 (11 bytes)
1774227068.550418 sending message 112 to peer 0x1029a5ac0 (9 bytes)
1774227068.550422 sending message 112 to peer 0x1029a5ac0 (10 bytes)
1774227068.550424 sending message 112 to peer 0x1029a5ac0 (10 bytes)
1774227068.550425 sending message 112 to peer 0x1029a5ac0 (10 bytes)
1774227068.550426 sending message 112 to peer 0x1029a5ac0 (10 bytes)
1774227068.550428 sending message 112 to peer 0x1029a5ac0 (11 bytes)
1774227068.550429 sending message 112 to peer 0x1029a5ac0 (12 bytes)
1774227068.550430 sending message 112 to peer 0x1029a5ac0 (12 bytes)
1774227068.550432 sending message 112 to peer 0x1029a5ac0 (12 bytes)
1774227068.550433 sending message 112 to peer 0x1029a5ac0 (12 bytes)
1774227068.550434 sending message 112 to peer 0x1029a5ac0 (12 bytes)
1774227068.550436 sending message 112 to peer 0x1029a5ac0 (11 bytes)
1774227068.550438 sending message 112 to peer 0x1029a5ac0 (11 bytes)
1774227068.550439 sending message 112 to peer 0x1029a5ac0 (12 bytes)
1774227068.550441 sending message 112 to peer 0x1029a5ac0 (12 bytes)
1774227068.550443 sending message 112 to peer 0x1029a5ac0 (12 bytes)
1774227068.550445 sending message 112 to peer 0x1029a5ac0 (12 bytes)
1774227068.550446 sending message 112 to peer 0x1029a5ac0 (12 bytes)
1774227068.550448 sending message 112 to peer 0x1029a5ac0 (9 bytes)
1774227068.550450 sending message 112 to peer 0x1029a5ac0 (12 bytes)
1774227068.550451 sending message 112 to peer 0x1029a5ac0 (13 bytes)
1774227068.550453 sending message 112 to peer 0x1029a5ac0 (13 bytes)
1774227068.550455 sending message 112 to peer 0x1029a5ac0 (13 bytes)
1774227068.550456 sending message 112 to peer 0x1029a5ac0 (13 bytes)
1774227068.550458 sending message 112 to peer 0x1029a5ac0 (13 bytes)
1774227068.550459 sending message 112 to peer 0x1029a5ac0 (8 bytes)
1774227068.550461 sending message 112 to peer 0x1029a5ac0 (11 bytes)
1774227068.550462 sending message 112 to peer 0x1029a5ac0 (11 bytes)
1774227068.550464 sending message 112 to peer 0x1029a5ac0 (11 bytes)
1774227068.550466 sending message 112 to peer 0x1029a5ac0 (12 bytes)
1774227068.550468 sending message 112 to peer 0x1029a5ac0 (12 bytes)
1774227068.550469 sending message 112 to peer 0x1029a5ac0 (12 bytes)
1774227068.550471 sending message 112 to peer 0x1029a5ac0 (12 bytes)
1774227068.550473 sending message 112 to peer 0x1029a5ac0 (13 bytes)
1774227068.550474 sending message 112 to peer 0x1029a5ac0 (13 bytes)
1774227068.550476 sending message 112 to peer 0x1029a5ac0 (13 bytes)
1774227068.550477 sending message 112 to peer 0x1029a5ac0 (8 bytes)
1774227068.550479 sending message 112 to peer 0x1029a5ac0 (13 bytes)
1774227068.550480 sending message 112 to peer 0x1029a5ac0 (13 bytes)
1774227068.550482 sending message 112 to peer 0x1029a5ac0 (13 bytes)
1774227068.550483 sending message 112 to peer 0x1029a5ac0 (13 bytes)
1774227068.550484 sending message 112 to peer 0x1029a5ac0 (13 bytes)
1774227068.550485 sending message 112 to peer 0x1029a5ac0 (12 bytes)
1774227068.550487 sending message 112 to peer 0x1029a5ac0 (12 bytes)
1774227068.550488 sending message 112 to peer 0x1029a5ac0 (12 bytes)
1774227068.550489 sending message 112 to peer 0x1029a5ac0 (12 bytes)
1774227068.550491 sending message 112 to peer 0x1029a5ac0 (13 bytes)
1774227068.550492 sending message 112 to peer 0x1029a5ac0 (8 bytes)
1774227068.550493 sending message 112 to peer 0x1029a5ac0 (13 bytes)
1774227068.550495 sending message 112 to peer 0x1029a5ac0 (13 bytes)
1774227068.550496 sending message 112 to peer 0x1029a5ac0 (13 bytes)
1774227068.550498 sending message 112 to peer 0x1029a5ac0 (13 bytes)
1774227068.550500 sending message 112 to peer 0x1029a5ac0 (13 bytes)
1774227068.550501 sending message 112 to peer 0x1029a5ac0 (13 bytes)
1774227068.550503 sending message 112 to peer 0x1029a5ac0 (13 bytes)
1774227068.550504 sending message 112 to peer 0x1029a5ac0 (12 bytes)
1774227068.550506 sending message 112 to peer 0x1029a5ac0 (12 bytes)
1774227068.550508 sending message 112 to peer 0x1029a5ac0 (12 bytes)
1774227068.550509 sending message 112 to peer 0x1029a5ac0 (8 bytes)
1774227068.550511 sending message 112 to peer 0x1029a5ac0 (12 bytes)
1774227068.550512 sending message 112 to peer 0x1029a5ac0 (13 bytes)
1774227068.550516 sending message 112 to peer 0x1029a5ac0 (13 bytes)
1774227068.550517 sending message 112 to peer 0x1029a5ac0 (13 bytes)
1774227068.550518 sending message 112 to peer 0x1029a5ac0 (13 bytes)
1774227068.550520 sending message 112 to peer 0x1029a5ac0 (13 bytes)
1774227068.550521 sending message 112 to peer 0x1029a5ac0 (13 bytes)
1774227068.550522 sending message 112 to peer 0x1029a5ac0 (13 bytes)
1774227068.550524 sending message 112 to peer 0x1029a5ac0 (13 bytes)
1774227068.550525 sending message 112 to peer 0x1029a5ac0 (12 bytes)
1774227068.550526 sending message 112 to peer 0x1029a5ac0 (10 bytes)
1774227068.550528 sending message 112 to peer 0x1029a5ac0 (12 bytes)
1774227068.550529 sending message 112 to peer 0x1029a5ac0 (12 bytes)
1774227068.550530 sending message 112 to peer 0x1029a5ac0 (12 bytes)
1774227068.550532 sending message 112 to peer 0x1029a5ac0 (13 bytes)
1774227068.550533 sending message 112 to peer 0x1029a5ac0 (13 bytes)
1774227068.550534 sending message 112 to peer 0x1029a5ac0 (13 bytes)
1774227068.550536 sending message 112 to peer 0x1029a5ac0 (13 bytes)
1774227068.550537 sending message 112 to peer 0x1029a5ac0 (13 bytes)
1774227068.550538 sending message 112 to peer 0x1029a5ac0 (13 bytes)
1774227068.550539 sending message 112 to peer 0x1029a5ac0 (13 bytes)
1774227068.550541 sending message 112 to peer 0x1029a5ac0 (10 bytes)
1774227068.550542 sending message 112 to peer 0x1029a5ac0 (13 bytes)
1774227068.550543 sending message 112 to peer 0x1029a5ac0 (12 bytes)
1774227068.550545 sending message 112 to peer 0x1029a5ac0 (12 bytes)
1774227068.550546 sending message 112 to peer 0x1029a5ac0 (12 bytes)
1774227068.550547 sending message 112 to peer 0x1029a5ac0 (10 bytes)
1774227068.550549 sending message 112 to peer 0x1029a5ac0 (10 bytes)
1774227068.550550 sending message 112 to peer 0x1029a5ac0 (10 bytes)
1774227068.550551 sending message 112 to peer 0x1029a5ac0 (12 bytes)
1774227068.550553 sending message 112 to peer 0x1029a5ac0 (13 bytes)
1774227068.550554 sending message 112 to peer 0x1029a5ac0 (13 bytes)
1774227068.550555 sending message 112 to peer 0x1029a5ac0 (13 bytes)
1774227068.550557 sending message 112 to peer 0x1029a5ac0 (13 bytes)
1774227068.550558 sending message 112 to peer 0x1029a5ac0 (13 bytes)
1774227068.550559 sending message 112 to peer 0x1029a5ac0 (10 bytes)
1774227068.550561 sending message 112 to peer 0x1029a5ac0 (11 bytes)
1774227068.550562 sending message 112 to peer 0x1029a5ac0 (12 bytes)
1774227068.550564 sending message 112 to peer 0x1029a5ac0 (12 bytes)
1774227068.550566 sending message 112 to peer 0x1029a5ac0 (12 bytes)
1774227068.550567 sending message 112 to peer 0x1029a5ac0 (12 bytes)
1774227068.550569 sending message 112 to peer 0x1029a5ac0 (12 bytes)
1774227068.550570 sending message 112 to peer 0x1029a5ac0 (11 bytes)
1774227068.550572 sending message 112 to peer 0x1029a5ac0 (12 bytes)
1774227068.550574 sending message 112 to peer 0x1029a5ac0 (12 bytes)
1774227068.550575 sending message 112 to peer 0x1029a5ac0 (13 bytes)
1774227068.550577 sending message 112 to peer 0x1029a5ac0 (13 bytes)
1774227068.550578 sending message 112 to peer 0x1029a5ac0 (13 bytes)
1774227068.550580 sending message 112 to peer 0x1029a5ac0 (13 bytes)
1774227068.550582 sending message 112 to peer 0x1029a5ac0 (13 bytes)
1774227068.550583 sending message 112 to peer 0x1029a5ac0 (10 bytes)
1774227068.550585 sending message 112 to peer 0x1029a5ac0 (9 bytes)
1774227068.550587 sending message 112 to peer 0x1029a5ac0 (12 bytes)
1774227068.550588 sending message 112 to peer 0x1029a5ac0 (13 bytes)
1774227068.550590 sending message 112 to peer 0x1029a5ac0 (13 bytes)
1774227068.550592 sending message 112 to peer 0x1029a5ac0 (13 bytes)
1774227068.550593 sending message 112 to peer 0x1029a5ac0 (13 bytes)
1774227068.550595 sending message 112 to peer 0x1029a5ac0 (13 bytes)
1774227068.550596 sending message 112 to peer 0x1029a5ac0 (9 bytes)
1774227068.550598 sending message 112 to peer 0x1029a5ac0 (12 bytes)
1774227068.550600 sending message 112 to peer 0x1029a5ac0 (13 bytes)
1774227068.550603 sending message 112 to peer 0x1029a5ac0 (13 bytes)
1774227068.550605 sending message 112 to peer 0x1029a5ac0 (13 bytes)
1774227068.550607 sending message 112 to peer 0x1029a5ac0 (13 bytes)
1774227068.550608 sending message 112 to peer 0x1029a5ac0 (13 bytes)
1774227068.550610 sending message 112 to peer 0x1029a5ac0 (11 bytes)
1774227068.550611 sending message 112 to peer 0x1029a5ac0 (12 bytes)
1774227068.550612 sending message 112 to peer 0x1029a5ac0 (13 bytes)
1774227068.550614 sending message 112 to peer 0x1029a5ac0 (13 bytes)
1774227068.550615 sending message 112 to peer 0x1029a5ac0 (13 bytes)
1774227068.550616 sending message 112 to peer 0x1029a5ac0 (13 bytes)
1774227068.550618 sending message 112 to peer 0x1029a5ac0 (13 bytes)
1774227068.550619 sending message 112 to peer 0x1029a5ac0 (11 bytes)
1774227068.550620 sending message 112 to peer 0x1029a5ac0 (12 bytes)
1774227068.550622 sending message 112 to peer 0x1029a5ac0 (12 bytes)
1774227068.550623 sending message 112 to peer 0x1029a5ac0 (12 bytes)
1774227068.550624 sending message 112 to peer 0x1029a5ac0 (12 bytes)
1774227068.550626 sending message 112 to peer 0x1029a5ac0 (12 bytes)
1774227068.550627 sending message 112 to peer 0x1029a5ac0 (21 bytes)
1774227068.550628 sending message 112 to peer 0x1029a5ac0 (12 bytes)
1774227068.550630 sending message 112 to peer 0x1029a5ac0 (9 bytes)
1774227068.550631 sending message 112 to peer 0x1029a5ac0 (6 bytes)
1774227068.550632 sending message 112 to peer 0x1029a5ac0 (13 bytes)
1774227068.550634 sending message 112 to peer 0x1029a5ac0 (10 bytes)
1774227068.550635 sending message 112 to peer 0x1029a5ac0 (15 bytes)
1774227068.550636 sending message 112 to peer 0x1029a5ac0 (13 bytes)
1774227068.550638 sending message 112 to peer 0x1029a5ac0 (9 bytes)
1774227068.550639 sending message 112 to peer 0x1029a5ac0 (70 bytes)
1774227068.550640 sending message 112 to peer 0x1029a5ac0 (69 bytes)
1774227068.550642 sending message 112 to peer 0x1029a5ac0 (34 bytes)
1774227068.550643 sending message 112 to peer 0x1029a5ac0 (34 bytes)
1774227068.550644 sending message 112 to peer 0x1029a5ac0 (70 bytes)
1774227068.550646 sending message 112 to peer 0x1029a5ac0 (12 bytes)
1774227068.550647 sending message 112 to peer 0x1029a5ac0 (10 bytes)
1774227068.550648 sending message 112 to peer 0x1029a5ac0 (10 bytes)
1774227068.550650 sending message 112 to peer 0x1029a5ac0 (15 bytes)
1774227068.550651 sending message 112 to peer 0x1029a5ac0 (13 bytes)
1774227068.550652 sending message 112 to peer 0x1029a5ac0 (10 bytes)
1774227068.550654 sending message 112 to peer 0x1029a5ac0 (10 bytes)
1774227068.550655 sending message 112 to peer 0x1029a5ac0 (17 bytes)
1774227068.550656 sending message 112 to peer 0x1029a5ac0 (10 bytes)
1774227068.550658 sending message 112 to peer 0x1029a5ac0 (13 bytes)
1774227068.550659 sending message 112 to peer 0x1029a5ac0 (32 bytes)
1774227068.550660 sending message 112 to peer 0x1029a5ac0 (5 bytes)
1774227068.550662 sending message 112 to peer 0x1029a5ac0 (9 bytes)
1774227068.550663 sending message 112 to peer 0x1029a5ac0 (15 bytes)
1774227068.550664 sending message 112 to peer 0x1029a5ac0 (5 bytes)
1774227068.550666 sending message 104 to peer 0x1029a5ac0 (0 bytes)
1774227068.550668 sending message 110 to peer 0x1029a5ac0 (0 bytes)
1774227068.550670 sending message 107 to peer 0x1029a5ac0 (4 bytes)
1774227068.550672 sending message 105 to peer 0x1029a5ac0 (106 bytes)
1774227068.550674 sending message 105 to peer 0x1029a5ac0 (75 bytes)
1774227068.550676 sending message 105 to peer 0x1029a5ac0 (21 bytes)
1774227068.550677 sending message 105 to peer 0x1029a5ac0 (19 bytes)
1774227068.550679 sending message 105 to peer 0x1029a5ac0 (15 bytes)
1774227068.550681 sending message 105 to peer 0x1029a5ac0 (57 bytes)
1774227068.550683 sending message 105 to peer 0x1029a5ac0 (27 bytes)
1774227068.550684 sending message 105 to peer 0x1029a5ac0 (14 bytes)
1774227068.550686 sending message 105 to peer 0x1029a5ac0 (22 bytes)
1774227068.550688 sending message 105 to peer 0x1029a5ac0 (66 bytes)
1774227068.550692 sending message 105 to peer 0x1029a5ac0 (32 bytes)
1774227068.550694 sending message 105 to peer 0x1029a5ac0 (581 bytes)
1774227068.550695 sending message 105 to peer 0x1029a5ac0 (52 bytes)
1774227068.550697 sending message 105 to peer 0x1029a5ac0 (43 bytes)
1774227068.550698 sending message 105 to peer 0x1029a5ac0 (30 bytes)
1774227068.550699 sending message 105 to peer 0x1029a5ac0 (17 bytes)
1774227068.550701 sending message 105 to peer 0x1029a5ac0 (14 bytes)
1774227068.550702 sending message 105 to peer 0x1029a5ac0 (19 bytes)
1774227068.550704 sending message 105 to peer 0x1029a5ac0 (8 bytes)
1774227068.550705 sending message 105 to peer 0x1029a5ac0 (21 bytes)
1774227068.550707 sending message 105 to peer 0x1029a5ac0 (63 bytes)
1774227068.550708 sending message 105 to peer 0x1029a5ac0 (17 bytes)
1774227068.550709 sending message 105 to peer 0x1029a5ac0 (98 bytes)
1774227068.550711 sending message 105 to peer 0x1029a5ac0 (57 bytes)
1774227068.550712 sending message 105 to peer 0x1029a5ac0 (18 bytes)
1774227068.550714 sending message 105 to peer 0x1029a5ac0 (20 bytes)
1774227068.550716 sending message 105 to peer 0x1029a5ac0 (23 bytes)
1774227068.550717 sending message 105 to peer 0x1029a5ac0 (30 bytes)
1774227068.550719 sending message 105 to peer 0x1029a5ac0 (37 bytes)
1774227068.550720 sending message 105 to peer 0x1029a5ac0 (34 bytes)
1774227068.550721 sending message 105 to peer 0x1029a5ac0 (35 bytes)
1774227068.550723 sending message 105 to peer 0x1029a5ac0 (35 bytes)
1774227068.550724 sending message 105 to peer 0x1029a5ac0 (46 bytes)
1774227068.550725 sending message 105 to peer 0x1029a5ac0 (43 bytes)
1774227068.550727 sending message 105 to peer 0x1029a5ac0 (28 bytes)
1774227068.550728 sending message 105 to peer 0x1029a5ac0 (57 bytes)
1774227068.550729 sending message 105 to peer 0x1029a5ac0 (58 bytes)
1774227068.550731 sending message 105 to peer 0x1029a5ac0 (60 bytes)
1774227068.550732 sending message 105 to peer 0x1029a5ac0 (19 bytes)
1774227068.550733 sending message 105 to peer 0x1029a5ac0 (38 bytes)
1774227068.550735 sending message 105 to peer 0x1029a5ac0 (48 bytes)
1774227068.550737 sending message 105 to peer 0x1029a5ac0 (43 bytes)
1774227068.550738 sending message 105 to peer 0x1029a5ac0 (16 bytes)
1774227068.550740 sending message 105 to peer 0x1029a5ac0 (23 bytes)
1774227068.550742 sending message 105 to peer 0x1029a5ac0 (47 bytes)
1774227068.550744 sending message 105 to peer 0x1029a5ac0 (14 bytes)
1774227068.550746 sending message 105 to peer 0x1029a5ac0 (50 bytes)
1774227068.550747 sending message 105 to peer 0x1029a5ac0 (13 bytes)
1774227068.550749 sending message 105 to peer 0x1029a5ac0 (14 bytes)
1774227068.550751 sending message 105 to peer 0x1029a5ac0 (11273 bytes)
1774227068.550754 sending message 105 to peer 0x1029a5ac0 (18 bytes)
1774227068.550756 sending message 105 to peer 0x1029a5ac0 (25 bytes)
1774227068.550759 sending message 106 to peer 0x1029a5ac0 (0 bytes)
1774227068.550832 sending message 200 to peer 0x1029a5ac0 (4 bytes)
1774227068.550835 client loop enter
1774227068.552793 peer 0x1029a5ac0 message 207
1774227068.552799 sending message 208 to peer 0x1029a5ac0 (0 bytes)
1774227071.495237 peer 0x1029a5ac0 message 203
1774227071.495244 sending message 205 to peer 0x1029a5ac0 (0 bytes)
1774227071.495305 peer 0x1029a5ac0 message 204
1774227071.495311 client loop exit
